2019-08-06 01:48:37.166  INFO 9628 --- [main] com.example.demo.SpringMvcApplication    : Starting SpringMvcApplication on DESKTOP-V7D36G2 with PID 9628 (started by PRIYANSHU KHARE in C:\Users\PRIYANSHU KHARE\Documents\workspace-spring-tool-suite-4-4.3.1.RELEASE\SpringMVC)
2019-08-06 01:48:37.172  INFO 9628 --- [main] com.example.demo.SpringMvcApplication    : No active profile set, falling back to default profiles: default
2019-08-06 01:48:38.401  INFO 9628 --- [main] .s.d.r.c.RepositoryConfigurationDelegate : Bootstrapping Spring Data repositories in DEFAULT mode.
2019-08-06 01:48:38.600  INFO 9628 --- [main] .s.d.r.c.RepositoryConfigurationDelegate : Finished Spring Data repository scanning in 179ms. Found 1 repository interfaces.
2019-08-06 01:48:39.608  INFO 9628 --- [main] trationDelegate$BeanPostProcessorChecker : Bean 'org.springframework.transaction.annotation.ProxyTransactionManagementConfiguration' of type [org.springframework.transaction.annotation.ProxyTransactionManagementConfiguration$$EnhancerBySpringCGLIB$$8cd30466] is not eligible for getting processed by all BeanPostProcessors (for example: not eligible for auto-proxying)
2019-08-06 01:48:40.564  INFO 9628 --- [main] o.s.b.w.embedded.tomcat.TomcatWebServer  : Tomcat initialized with port(s): 8080 (http)
2019-08-06 01:48:40.646  INFO 9628 --- [main] o.apache.catalina.core.StandardService   : Starting service [Tomcat]
2019-08-06 01:48:40.647  INFO 9628 --- [main] org.apache.catalina.core.StandardEngine  : Starting Servlet engine: [Apache Tomcat/9.0.21]
2019-08-06 01:48:41.312  INFO 9628 --- [main] org.apache.jasper.servlet.TldScanner     : At least one JAR was scanned for TLDs yet contained no TLDs. Enable debug logging for this logger for a complete list of JARs that were scanned but no TLDs were found in them. Skipping unneeded JARs during scanning can improve startup time and JSP compilation time.
2019-08-06 01:48:41.323  INFO 9628 --- [main] o.a.c.c.C.[Tomcat].[localhost].[/]       : Initializing Spring embedded WebApplicationContext
2019-08-06 01:48:41.324  INFO 9628 --- [main] o.s.web.context.ContextLoader            : Root WebApplicationContext: initialization completed in 4075 ms
2019-08-06 01:48:41.662  INFO 9628 --- [main] com.zaxxer.hikari.HikariDataSource       : HikariPool-1 - Starting...
2019-08-06 01:48:41.992  INFO 9628 --- [main] com.zaxxer.hikari.HikariDataSource       : HikariPool-1 - Start completed.
2019-08-06 01:48:42.285  INFO 9628 --- [main] o.hibernate.jpa.internal.util.LogHelper  : HHH000204: Processing PersistenceUnitInfo [
	name: default
	...]
2019-08-06 01:48:42.389  INFO 9628 --- [main] org.hibernate.Version                    : HHH000412: Hibernate Core {5.3.10.Final}
2019-08-06 01:48:42.392  INFO 9628 --- [main] org.hibernate.cfg.Environment            : HHH000206: hibernate.properties not found
2019-08-06 01:48:42.768  INFO 9628 --- [main] o.hibernate.annotations.common.Version   : HCANN000001: Hibernate Commons Annotations {5.0.4.Final}
2019-08-06 01:48:43.139  INFO 9628 --- [main] org.hibernate.dialect.Dialect            : HHH000400: Using dialect: org.hibernate.dialect.MySQL5Dialect
2019-08-06 01:48:44.784  INFO 9628 --- [main] j.LocalContainerEntityManagerFactoryBean : Initialized JPA EntityManagerFactory for persistence unit 'default'
2019-08-06 01:48:45.525  INFO 9628 --- [main] o.h.h.i.QueryTranslatorFactoryInitiator  : HHH000397: Using ASTQueryTranslatorFactory
2019-08-06 01:48:46.666  INFO 9628 --- [main] o.s.s.concurrent.ThreadPoolTaskExecutor  : Initializing ExecutorService 'applicationTaskExecutor'
2019-08-06 01:48:46.771  WARN 9628 --- [main] aWebConfiguration$JpaWebMvcConfiguration : spring.jpa.open-in-view is enabled by default. Therefore, database queries may be performed during view rendering. Explicitly configure spring.jpa.open-in-view to disable this warning
2019-08-06 01:48:46.976  INFO 9628 --- [main] o.s.b.a.w.s.WelcomePageHandlerMapping    : Adding welcome page template: index
2019-08-06 01:48:47.316  INFO 9628 --- [main] o.s.b.w.embedded.tomcat.TomcatWebServer  : Tomcat started on port(s): 8080 (http) with context path ''
2019-08-06 01:48:47.323  INFO 9628 --- [main] com.example.demo.SpringMvcApplication    : Started SpringMvcApplication in 11.069 seconds (JVM running for 12.874)
2019-08-06 01:48:54.015  INFO 9628 --- [http-nio-8080-exec-1] o.a.c.c.C.[Tomcat].[localhost].[/]       : Initializing Spring DispatcherServlet 'dispatcherServlet'
2019-08-06 01:48:54.016  INFO 9628 --- [http-nio-8080-exec-1] o.s.web.servlet.DispatcherServlet        : Initializing Servlet 'dispatcherServlet'
2019-08-06 01:48:54.026  INFO 9628 --- [http-nio-8080-exec-1] o.s.web.servlet.DispatcherServlet        : Completed initialization in 10 ms
2019-08-06 01:48:54.082  INFO 9628 --- [http-nio-8080-exec-1] com.example.demo.log.LogAspect           : You have learned AOP(Aspect Orinted Programming) Log method called..!!
2019-08-06 01:55:46.409  INFO 9628 --- [RMI TCP Connection(2)-127.0.0.1] inMXBeanRegistrar$SpringApplicationAdmin : Application shutdown requested.
2019-08-06 01:55:46.413  INFO 9628 --- [RMI TCP Connection(2)-127.0.0.1] o.s.s.concurrent.ThreadPoolTaskExecutor  : Shutting down ExecutorService 'applicationTaskExecutor'
2019-08-06 01:55:46.415  INFO 9628 --- [RMI TCP Connection(2)-127.0.0.1] j.LocalContainerEntityManagerFactoryBean : Closing JPA EntityManagerFactory for persistence unit 'default'
2019-08-06 01:55:46.421  INFO 9628 --- [RMI TCP Connection(2)-127.0.0.1] com.zaxxer.hikari.HikariDataSource       : HikariPool-1 - Shutdown initiated...
2019-08-06 01:55:46.433  INFO 9628 --- [RMI TCP Connection(2)-127.0.0.1] com.zaxxer.hikari.HikariDataSource       : HikariPool-1 - Shutdown completed.
2019-08-06 01:55:51.717  INFO 3340 --- [main] com.example.demo.SpringMvcApplication    : Starting SpringMvcApplication on DESKTOP-V7D36G2 with PID 3340 (started by PRIYANSHU KHARE in C:\Users\PRIYANSHU KHARE\Documents\workspace-spring-tool-suite-4-4.3.1.RELEASE\SpringMVC)
2019-08-06 01:55:51.731  INFO 3340 --- [main] com.example.demo.SpringMvcApplication    : No active profile set, falling back to default profiles: default
2019-08-06 01:55:52.818  INFO 3340 --- [main] .s.d.r.c.RepositoryConfigurationDelegate : Bootstrapping Spring Data repositories in DEFAULT mode.
2019-08-06 01:55:52.924  INFO 3340 --- [main] .s.d.r.c.RepositoryConfigurationDelegate : Finished Spring Data repository scanning in 91ms. Found 1 repository interfaces.
2019-08-06 01:55:53.485  INFO 3340 --- [main] trationDelegate$BeanPostProcessorChecker : Bean 'org.springframework.transaction.annotation.ProxyTransactionManagementConfiguration' of type [org.springframework.transaction.annotation.ProxyTransactionManagementConfiguration$$EnhancerBySpringCGLIB$$ecf616] is not eligible for getting processed by all BeanPostProcessors (for example: not eligible for auto-proxying)
2019-08-06 01:55:53.967  INFO 3340 --- [main] o.s.b.w.embedded.tomcat.TomcatWebServer  : Tomcat initialized with port(s): 8080 (http)
2019-08-06 01:55:54.007  INFO 3340 --- [main] o.apache.catalina.core.StandardService   : Starting service [Tomcat]
2019-08-06 01:55:54.007  INFO 3340 --- [main] org.apache.catalina.core.StandardEngine  : Starting Servlet engine: [Apache Tomcat/9.0.21]
2019-08-06 01:55:54.324  INFO 3340 --- [main] org.apache.jasper.servlet.TldScanner     : At least one JAR was scanned for TLDs yet contained no TLDs. Enable debug logging for this logger for a complete list of JARs that were scanned but no TLDs were found in them. Skipping unneeded JARs during scanning can improve startup time and JSP compilation time.
2019-08-06 01:55:54.328  INFO 3340 --- [main] o.a.c.c.C.[Tomcat].[localhost].[/]       : Initializing Spring embedded WebApplicationContext
2019-08-06 01:55:54.329  INFO 3340 --- [main] o.s.web.context.ContextLoader            : Root WebApplicationContext: initialization completed in 2538 ms
2019-08-06 01:55:54.575  INFO 3340 --- [main] com.zaxxer.hikari.HikariDataSource       : HikariPool-1 - Starting...
2019-08-06 01:55:54.768  INFO 3340 --- [main] com.zaxxer.hikari.HikariDataSource       : HikariPool-1 - Start completed.
2019-08-06 01:55:55.005  INFO 3340 --- [main] o.hibernate.jpa.internal.util.LogHelper  : HHH000204: Processing PersistenceUnitInfo [
	name: default
	...]
2019-08-06 01:55:55.101  INFO 3340 --- [main] org.hibernate.Version                    : HHH000412: Hibernate Core {5.3.10.Final}
2019-08-06 01:55:55.103  INFO 3340 --- [main] org.hibernate.cfg.Environment            : HHH000206: hibernate.properties not found
2019-08-06 01:55:55.307  INFO 3340 --- [main] o.hibernate.annotations.common.Version   : HCANN000001: Hibernate Commons Annotations {5.0.4.Final}
2019-08-06 01:55:55.504  INFO 3340 --- [main] org.hibernate.dialect.Dialect            : HHH000400: Using dialect: org.hibernate.dialect.MySQL5Dialect
2019-08-06 01:55:56.363  INFO 3340 --- [main] j.LocalContainerEntityManagerFactoryBean : Initialized JPA EntityManagerFactory for persistence unit 'default'
2019-08-06 01:55:56.779  INFO 3340 --- [main] o.h.h.i.QueryTranslatorFactoryInitiator  : HHH000397: Using ASTQueryTranslatorFactory
2019-08-06 01:55:57.329  INFO 3340 --- [main] o.s.s.concurrent.ThreadPoolTaskExecutor  : Initializing ExecutorService 'applicationTaskExecutor'
2019-08-06 01:55:57.391  WARN 3340 --- [main] aWebConfiguration$JpaWebMvcConfiguration : spring.jpa.open-in-view is enabled by default. Therefore, database queries may be performed during view rendering. Explicitly configure spring.jpa.open-in-view to disable this warning
2019-08-06 01:55:57.513  INFO 3340 --- [main] o.s.b.a.w.s.WelcomePageHandlerMapping    : Adding welcome page template: index
2019-08-06 01:55:57.716  INFO 3340 --- [main] o.s.b.w.embedded.tomcat.TomcatWebServer  : Tomcat started on port(s): 8080 (http) with context path ''
2019-08-06 01:55:57.720  INFO 3340 --- [main] com.example.demo.SpringMvcApplication    : Started SpringMvcApplication in 6.573 seconds (JVM running for 7.554)
2019-08-06 01:56:08.695  INFO 3340 --- [http-nio-8080-exec-1] o.a.c.c.C.[Tomcat].[localhost].[/]       : Initializing Spring DispatcherServlet 'dispatcherServlet'
2019-08-06 01:56:08.695  INFO 3340 --- [http-nio-8080-exec-1] o.s.web.servlet.DispatcherServlet        : Initializing Servlet 'dispatcherServlet'
2019-08-06 01:56:08.712  INFO 3340 --- [http-nio-8080-exec-1] o.s.web.servlet.DispatcherServlet        : Completed initialization in 17 ms
2019-08-06 01:56:08.754  INFO 3340 --- [http-nio-8080-exec-1] com.example.demo.log.LogAspect           : You have learned AOP(Aspect Orinted Programming) Log method called..!!
2019-08-06 01:56:08.873  INFO 3340 --- [http-nio-8080-exec-1] com.example.demo.log.LogAspect           : Aliens Fetched Successfully
2019-08-06 01:57:19.060  INFO 3340 --- [RMI TCP Connection(2)-127.0.0.1] inMXBeanRegistrar$SpringApplicationAdmin : Application shutdown requested.
2019-08-06 01:57:19.076  INFO 3340 --- [RMI TCP Connection(2)-127.0.0.1] o.s.s.concurrent.ThreadPoolTaskExecutor  : Shutting down ExecutorService 'applicationTaskExecutor'
2019-08-06 01:57:19.077  INFO 3340 --- [RMI TCP Connection(2)-127.0.0.1] j.LocalContainerEntityManagerFactoryBean : Closing JPA EntityManagerFactory for persistence unit 'default'
2019-08-06 01:57:19.082  INFO 3340 --- [RMI TCP Connection(2)-127.0.0.1] com.zaxxer.hikari.HikariDataSource       : HikariPool-1 - Shutdown initiated...
2019-08-06 01:57:19.082  INFO 3340 --- [RMI TCP Connection(2)-127.0.0.1] com.zaxxer.hikari.HikariDataSource       : HikariPool-1 - Shutdown completed.
2019-08-06 01:57:23.652  INFO 5668 --- [main] com.example.demo.SpringMvcApplication    : Starting SpringMvcApplication on DESKTOP-V7D36G2 with PID 5668 (started by PRIYANSHU KHARE in C:\Users\PRIYANSHU KHARE\Documents\workspace-spring-tool-suite-4-4.3.1.RELEASE\SpringMVC)
2019-08-06 01:57:23.652  INFO 5668 --- [main] com.example.demo.SpringMvcApplication    : No active profile set, falling back to default profiles: default
2019-08-06 01:57:24.817  INFO 5668 --- [main] .s.d.r.c.RepositoryConfigurationDelegate : Bootstrapping Spring Data repositories in DEFAULT mode.
2019-08-06 01:57:24.986  INFO 5668 --- [main] .s.d.r.c.RepositoryConfigurationDelegate : Finished Spring Data repository scanning in 141ms. Found 1 repository interfaces.
2019-08-06 01:57:25.660  INFO 5668 --- [main] trationDelegate$BeanPostProcessorChecker : Bean 'org.springframework.transaction.annotation.ProxyTransactionManagementConfiguration' of type [org.springframework.transaction.annotation.ProxyTransactionManagementConfiguration$$EnhancerBySpringCGLIB$$a78e6471] is not eligible for getting processed by all BeanPostProcessors (for example: not eligible for auto-proxying)
2019-08-06 01:57:26.620  INFO 5668 --- [main] o.s.b.w.embedded.tomcat.TomcatWebServer  : Tomcat initialized with port(s): 8080 (http)
2019-08-06 01:57:26.692  INFO 5668 --- [main] o.apache.catalina.core.StandardService   : Starting service [Tomcat]
2019-08-06 01:57:26.692  INFO 5668 --- [main] org.apache.catalina.core.StandardEngine  : Starting Servlet engine: [Apache Tomcat/9.0.21]
2019-08-06 01:57:27.194  INFO 5668 --- [main] org.apache.jasper.servlet.TldScanner     : At least one JAR was scanned for TLDs yet contained no TLDs. Enable debug logging for this logger for a complete list of JARs that were scanned but no TLDs were found in them. Skipping unneeded JARs during scanning can improve startup time and JSP compilation time.
2019-08-06 01:57:27.205  INFO 5668 --- [main] o.a.c.c.C.[Tomcat].[localhost].[/]       : Initializing Spring embedded WebApplicationContext
2019-08-06 01:57:27.206  INFO 5668 --- [main] o.s.web.context.ContextLoader            : Root WebApplicationContext: initialization completed in 3500 ms
2019-08-06 01:57:27.619  INFO 5668 --- [main] com.zaxxer.hikari.HikariDataSource       : HikariPool-1 - Starting...
2019-08-06 01:57:28.007  INFO 5668 --- [main] com.zaxxer.hikari.HikariDataSource       : HikariPool-1 - Start completed.
2019-08-06 01:57:28.317  INFO 5668 --- [main] o.hibernate.jpa.internal.util.LogHelper  : HHH000204: Processing PersistenceUnitInfo [
	name: default
	...]
2019-08-06 01:57:28.449  INFO 5668 --- [main] org.hibernate.Version                    : HHH000412: Hibernate Core {5.3.10.Final}
2019-08-06 01:57:28.449  INFO 5668 --- [main] org.hibernate.cfg.Environment            : HHH000206: hibernate.properties not found
2019-08-06 01:57:28.866  INFO 5668 --- [main] o.hibernate.annotations.common.Version   : HCANN000001: Hibernate Commons Annotations {5.0.4.Final}
2019-08-06 01:57:29.285  INFO 5668 --- [main] org.hibernate.dialect.Dialect            : HHH000400: Using dialect: org.hibernate.dialect.MySQL5Dialect
2019-08-06 01:57:31.106  INFO 5668 --- [main] j.LocalContainerEntityManagerFactoryBean : Initialized JPA EntityManagerFactory for persistence unit 'default'
2019-08-06 01:57:31.970  INFO 5668 --- [main] o.h.h.i.QueryTranslatorFactoryInitiator  : HHH000397: Using ASTQueryTranslatorFactory
2019-08-06 01:57:33.138  INFO 5668 --- [main] o.s.s.concurrent.ThreadPoolTaskExecutor  : Initializing ExecutorService 'applicationTaskExecutor'
2019-08-06 01:57:33.238  WARN 5668 --- [main] aWebConfiguration$JpaWebMvcConfiguration : spring.jpa.open-in-view is enabled by default. Therefore, database queries may be performed during view rendering. Explicitly configure spring.jpa.open-in-view to disable this warning
2019-08-06 01:57:33.435  INFO 5668 --- [main] o.s.b.a.w.s.WelcomePageHandlerMapping    : Adding welcome page template: index
2019-08-06 01:57:33.806  INFO 5668 --- [main] o.s.b.w.embedded.tomcat.TomcatWebServer  : Tomcat started on port(s): 8080 (http) with context path ''
2019-08-06 01:57:33.806  INFO 5668 --- [main] com.example.demo.SpringMvcApplication    : Started SpringMvcApplication in 10.872 seconds (JVM running for 12.547)
2019-08-06 01:57:50.545  INFO 5668 --- [http-nio-8080-exec-1] o.a.c.c.C.[Tomcat].[localhost].[/]       : Initializing Spring DispatcherServlet 'dispatcherServlet'
2019-08-06 01:57:50.545  INFO 5668 --- [http-nio-8080-exec-1] o.s.web.servlet.DispatcherServlet        : Initializing Servlet 'dispatcherServlet'
2019-08-06 01:57:50.562  INFO 5668 --- [http-nio-8080-exec-1] o.s.web.servlet.DispatcherServlet        : Completed initialization in 17 ms
2019-08-06 01:57:50.613  INFO 5668 --- [http-nio-8080-exec-1] com.example.demo.log.LogAspect           : You have learned AOP(Aspect Orinted Programming) Log method called..!!
2019-08-06 01:57:50.750  INFO 5668 --- [http-nio-8080-exec-1] com.example.demo.log.LogAspect           : Aliens Fetched Successfully
2019-08-06 02:01:46.977  INFO 5668 --- [RMI TCP Connection(2)-127.0.0.1] inMXBeanRegistrar$SpringApplicationAdmin : Application shutdown requested.
2019-08-06 02:01:46.984  INFO 5668 --- [RMI TCP Connection(2)-127.0.0.1] o.s.s.concurrent.ThreadPoolTaskExecutor  : Shutting down ExecutorService 'applicationTaskExecutor'
2019-08-06 02:01:46.986  INFO 5668 --- [RMI TCP Connection(2)-127.0.0.1] j.LocalContainerEntityManagerFactoryBean : Closing JPA EntityManagerFactory for persistence unit 'default'
2019-08-06 02:01:46.993  INFO 5668 --- [RMI TCP Connection(2)-127.0.0.1] com.zaxxer.hikari.HikariDataSource       : HikariPool-1 - Shutdown initiated...
2019-08-06 02:01:47.009  INFO 5668 --- [RMI TCP Connection(2)-127.0.0.1] com.zaxxer.hikari.HikariDataSource       : HikariPool-1 - Shutdown completed.
2019-08-06 02:01:51.463  INFO 7788 --- [main] com.example.demo.SpringMvcApplication    : Starting SpringMvcApplication on DESKTOP-V7D36G2 with PID 7788 (started by PRIYANSHU KHARE in C:\Users\PRIYANSHU KHARE\Documents\workspace-spring-tool-suite-4-4.3.1.RELEASE\SpringMVC)
2019-08-06 02:01:51.470  INFO 7788 --- [main] com.example.demo.SpringMvcApplication    : No active profile set, falling back to default profiles: default
2019-08-06 02:01:52.712  INFO 7788 --- [main] .s.d.r.c.RepositoryConfigurationDelegate : Bootstrapping Spring Data repositories in DEFAULT mode.
2019-08-06 02:01:52.819  INFO 7788 --- [main] .s.d.r.c.RepositoryConfigurationDelegate : Finished Spring Data repository scanning in 92ms. Found 1 repository interfaces.
2019-08-06 02:01:53.472  INFO 7788 --- [main] trationDelegate$BeanPostProcessorChecker : Bean 'org.springframework.transaction.annotation.ProxyTransactionManagementConfiguration' of type [org.springframework.transaction.annotation.ProxyTransactionManagementConfiguration$$EnhancerBySpringCGLIB$$5e6353b3] is not eligible for getting processed by all BeanPostProcessors (for example: not eligible for auto-proxying)
2019-08-06 02:01:54.195  INFO 7788 --- [main] o.s.b.w.embedded.tomcat.TomcatWebServer  : Tomcat initialized with port(s): 8080 (http)
2019-08-06 02:01:54.258  INFO 7788 --- [main] o.apache.catalina.core.StandardService   : Starting service [Tomcat]
2019-08-06 02:01:54.259  INFO 7788 --- [main] org.apache.catalina.core.StandardEngine  : Starting Servlet engine: [Apache Tomcat/9.0.21]
2019-08-06 02:01:54.672  INFO 7788 --- [main] org.apache.jasper.servlet.TldScanner     : At least one JAR was scanned for TLDs yet contained no TLDs. Enable debug logging for this logger for a complete list of JARs that were scanned but no TLDs were found in them. Skipping unneeded JARs during scanning can improve startup time and JSP compilation time.
2019-08-06 02:01:54.678  INFO 7788 --- [main] o.a.c.c.C.[Tomcat].[localhost].[/]       : Initializing Spring embedded WebApplicationContext
2019-08-06 02:01:54.678  INFO 7788 --- [main] o.s.web.context.ContextLoader            : Root WebApplicationContext: initialization completed in 3134 ms
2019-08-06 02:01:55.011  INFO 7788 --- [main] com.zaxxer.hikari.HikariDataSource       : HikariPool-1 - Starting...
2019-08-06 02:01:55.255  INFO 7788 --- [main] com.zaxxer.hikari.HikariDataSource       : HikariPool-1 - Start completed.
2019-08-06 02:01:55.558  INFO 7788 --- [main] o.hibernate.jpa.internal.util.LogHelper  : HHH000204: Processing PersistenceUnitInfo [
	name: default
	...]
2019-08-06 02:01:55.696  INFO 7788 --- [main] org.hibernate.Version                    : HHH000412: Hibernate Core {5.3.10.Final}
2019-08-06 02:01:55.699  INFO 7788 --- [main] org.hibernate.cfg.Environment            : HHH000206: hibernate.properties not found
2019-08-06 02:01:55.980  INFO 7788 --- [main] o.hibernate.annotations.common.Version   : HCANN000001: Hibernate Commons Annotations {5.0.4.Final}
2019-08-06 02:01:56.232  INFO 7788 --- [main] org.hibernate.dialect.Dialect            : HHH000400: Using dialect: org.hibernate.dialect.MySQL5Dialect
2019-08-06 02:01:57.509  INFO 7788 --- [main] j.LocalContainerEntityManagerFactoryBean : Initialized JPA EntityManagerFactory for persistence unit 'default'
2019-08-06 02:01:58.043  INFO 7788 --- [main] o.h.h.i.QueryTranslatorFactoryInitiator  : HHH000397: Using ASTQueryTranslatorFactory
2019-08-06 02:01:58.883  INFO 7788 --- [main] o.s.s.concurrent.ThreadPoolTaskExecutor  : Initializing ExecutorService 'applicationTaskExecutor'
2019-08-06 02:01:58.952  WARN 7788 --- [main] aWebConfiguration$JpaWebMvcConfiguration : spring.jpa.open-in-view is enabled by default. Therefore, database queries may be performed during view rendering. Explicitly configure spring.jpa.open-in-view to disable this warning
2019-08-06 02:01:59.106  INFO 7788 --- [main] o.s.b.a.w.s.WelcomePageHandlerMapping    : Adding welcome page template: index
2019-08-06 02:01:59.346  INFO 7788 --- [main] o.s.b.w.embedded.tomcat.TomcatWebServer  : Tomcat started on port(s): 8080 (http) with context path ''
2019-08-06 02:01:59.350  INFO 7788 --- [main] com.example.demo.SpringMvcApplication    : Started SpringMvcApplication in 8.525 seconds (JVM running for 10.167)
2019-08-06 02:02:29.656  INFO 7788 --- [http-nio-8080-exec-1] o.a.c.c.C.[Tomcat].[localhost].[/]       : Initializing Spring DispatcherServlet 'dispatcherServlet'
2019-08-06 02:02:29.657  INFO 7788 --- [http-nio-8080-exec-1] o.s.web.servlet.DispatcherServlet        : Initializing Servlet 'dispatcherServlet'
2019-08-06 02:02:29.678  INFO 7788 --- [http-nio-8080-exec-1] o.s.web.servlet.DispatcherServlet        : Completed initialization in 21 ms
2019-08-06 02:02:29.743  INFO 7788 --- [http-nio-8080-exec-1] com.example.demo.log.LogAspect           : You have learned AOP(Aspect Orinted Programming) Log method called..!!
2019-08-06 02:02:29.926  INFO 7788 --- [http-nio-8080-exec-1] com.example.demo.log.LogAspect           : Aliens Fetched Successfully
2019-08-06 02:11:14.235  INFO 7788 --- [RMI TCP Connection(2)-127.0.0.1] inMXBeanRegistrar$SpringApplicationAdmin : Application shutdown requested.
2019-08-06 02:11:14.239  INFO 7788 --- [RMI TCP Connection(2)-127.0.0.1] o.s.s.concurrent.ThreadPoolTaskExecutor  : Shutting down ExecutorService 'applicationTaskExecutor'
2019-08-06 02:11:14.241  INFO 7788 --- [RMI TCP Connection(2)-127.0.0.1] j.LocalContainerEntityManagerFactoryBean : Closing JPA EntityManagerFactory for persistence unit 'default'
2019-08-06 02:11:14.247  INFO 7788 --- [RMI TCP Connection(2)-127.0.0.1] com.zaxxer.hikari.HikariDataSource       : HikariPool-1 - Shutdown initiated...
2019-08-06 02:11:14.262  INFO 7788 --- [RMI TCP Connection(2)-127.0.0.1] com.zaxxer.hikari.HikariDataSource       : HikariPool-1 - Shutdown completed.
2019-08-06 02:11:18.484  INFO 10708 --- [main] com.example.demo.SpringMvcApplication    : Starting SpringMvcApplication on DESKTOP-V7D36G2 with PID 10708 (started by PRIYANSHU KHARE in C:\Users\PRIYANSHU KHARE\Documents\workspace-spring-tool-suite-4-4.3.1.RELEASE\SpringMVC)
2019-08-06 02:11:18.574  INFO 10708 --- [main] com.example.demo.SpringMvcApplication    : No active profile set, falling back to default profiles: default
